<?xml version="1.0" encoding="UTF-8"?>
<!-- Generated by org.testng.reporters.JUnitXMLReporter -->
<testsuite hostname="DESKTOP-TA3D90D" ignored="0" name="Default test" tests="4" failures="0" timestamp="2020-10-11T13:56:38 EDT" time="3.03" errors="0">
  <testcase name="InvalidateCreateCustomerAPIWithValidSecretKey" time="1.934" classname="com.w2a.APITestingFrameworkTestCases.CreateCustomerTest"/>
  <testcase name="validateCreateCustomerAPIWithValidSecretKey" time="0.319" classname="com.w2a.APITestingFrameworkTestCases.CreateCustomerTest"/>
  <testcase name="validateCreateCustomerAPIWithValidSecretKey" time="0.323" classname="com.w2a.APITestingFrameworkTestCases.CreateCustomerTest"/>
  <testcase name="validateCreateCustomerAPIWithValidSecretKey" time="0.387" classname="com.w2a.APITestingFrameworkTestCases.CreateCustomerTest"/>
</testsuite> <!-- Default test -->
