<?xml version="1.0" encoding="UTF-8"?>
<!-- Generated by org.testng.reporters.JUnitXMLReporter -->
<testsuite hostname="DESKTOP-TA3D90D" ignored="0" name="Default test" tests="6" failures="0" timestamp="2020-10-12T11:04:37 EDT" time="6.387" errors="0">
  <testcase name="deleteCustomer" time="3.049" classname="com.w2a.APITestingFrameworkTestCases.DeleteCustomerTest"/>
  <testcase name="deleteCustomer" time="0.657" classname="com.w2a.APITestingFrameworkTestCases.DeleteCustomerTest"/>
  <testcase name="deleteCustomer" time="0.577" classname="com.w2a.APITestingFrameworkTestCases.DeleteCustomerTest"/>
  <testcase name="deleteCustomer" time="0.649" classname="com.w2a.APITestingFrameworkTestCases.DeleteCustomerTest"/>
  <testcase name="deleteCustomer" time="0.833" classname="com.w2a.APITestingFrameworkTestCases.DeleteCustomerTest"/>
  <testcase name="deleteCustomer" time="0.541" classname="com.w2a.APITestingFrameworkTestCases.DeleteCustomerTest"/>
</testsuite> <!-- Default test -->
