<?xml version="1.0" encoding="UTF-8"?>
<!-- Generated by org.testng.reporters.JUnitXMLReporter -->
<testsuite hostname="DESKTOP-TA3D90D" ignored="0" name="Create Customer Test" tests="4" failures="0" timestamp="2020-10-11T20:20:56 EDT" time="2.794" errors="0">
  <testcase name="InvalidateCreateCustomerAPIWithValidSecretKey" time="1.544" classname="com.w2a.APITestingFrameworkTestCases.CreateCustomerTest"/>
  <testcase name="validateCreateCustomerAPIWithValidSecretKey" time="0.353" classname="com.w2a.APITestingFrameworkTestCases.CreateCustomerTest"/>
  <testcase name="validateCreateCustomerAPIWithValidSecretKey" time="0.351" classname="com.w2a.APITestingFrameworkTestCases.CreateCustomerTest"/>
  <testcase name="validateCreateCustomerAPIWithValidSecretKey" time="0.373" classname="com.w2a.APITestingFrameworkTestCases.CreateCustomerTest"/>
</testsuite> <!-- Create Customer Test -->
